<?xml version="1.0" encoding="UTF-8"?>
<!-- Generated by org.testng.reporters.JUnitReportReporter -->
<testsuite hostname="hp" failures="0" tests="3" name="testNG.Sumo" time="0.009" errors="0" timestamp="2023-01-20T11:51:48 IST" skipped="0">
  <testcase classname="testNG.Sumo" name="sumo" time="0.007"/>
  <system-out>
    <![CDATA[This is a semo1 method]]>
  </system-out>
  <testcase classname="testNG.Sumo" name="sumo2" time="0.001"/>
  <system-out>
    <![CDATA[This is a semo2 method]]>
  </system-out>
  <testcase classname="testNG.Sumo" name="sumo1" time="0.001"/>
  <system-out>
    <![CDATA[This is a semo2 method]]>
  </system-out>
</testsuite> <!-- testNG.Sumo -->
