<?xml version="1.0" encoding="UTF-8"?>
<!-- Generated by org.testng.reporters.JUnitReportReporter -->
<testsuite hostname="hp" failures="0" tests="3" name="testNG.Remo" time="0.002" errors="0" timestamp="2023-01-20T11:51:48 IST" skipped="0">
  <testcase classname="testNG.Remo" name="remo" time="0.001"/>
  <system-out>
    <![CDATA[This is a remo method]]>
  </system-out>
  <testcase classname="testNG.Remo" name="remo2" time="0.000"/>
  <system-out>
    <![CDATA[This is a remo2 method]]>
  </system-out>
  <testcase classname="testNG.Remo" name="remo1" time="0.001"/>
  <system-out>
    <![CDATA[This is a remo1 method]]>
  </system-out>
</testsuite> <!-- testNG.Remo -->
